<?xml version="1.0" encoding="UTF-8"?>
<testsuite name="com.afterhours.game.strategy.TakeProcessorTest" tests="2" skipped="0" failures="0" errors="0" timestamp="2021-06-06T16:15:16" hostname="Johns-MacBook-Pro.local" time="0.003">
  <properties/>
  <testcase name="takeProcessorTestWithBoxContents()" classname="com.afterhours.game.strategy.TakeProcessorTest" time="0.001"/>
  <testcase name="takeProcessorTest()" classname="com.afterhours.game.strategy.TakeProcessorTest" time="0.001"/>
  <system-out><![CDATA[]]></system-out>
  <system-err><![CDATA[]]></system-err>
</testsuite>
