<?xml version="1.0" encoding="UTF-8"?>
<testsuite name="com.afterhours.game.strategy.GibberishProcessorTest" tests="1" skipped="0" failures="0" errors="0" timestamp="2021-06-06T16:15:16" hostname="Johns-MacBook-Pro.local" time="0.0">
  <properties/>
  <testcase name="testGibberishProcessor()" classname="com.afterhours.game.strategy.GibberishProcessorTest" time="0.0"/>
  <system-out><![CDATA[]]></system-out>
  <system-err><![CDATA[]]></system-err>
</testsuite>
