<?xml version="1.0" encoding="UTF-8"?>
<testsuite name="com.afterhours.game.direction.DirectionParserTest" tests="7" skipped="0" failures="0" errors="0" timestamp="2021-06-06T16:15:16" hostname="Johns-MacBook-Pro.local" time="0.022">
  <properties/>
  <testcase name="parseDirectionUp()" classname="com.afterhours.game.direction.DirectionParserTest" time="0.001"/>
  <testcase name="parseDirectionDown()" classname="com.afterhours.game.direction.DirectionParserTest" time="0.002"/>
  <testcase name="parseDirectionEast()" classname="com.afterhours.game.direction.DirectionParserTest" time="0.0"/>
  <testcase name="parseDirectionWest()" classname="com.afterhours.game.direction.DirectionParserTest" time="0.001"/>
  <testcase name="parseDirectionSingleLetter()" classname="com.afterhours.game.direction.DirectionParserTest" time="0.001"/>
  <testcase name="parseDirectionNorth()" classname="com.afterhours.game.direction.DirectionParserTest" time="0.0"/>
  <testcase name="parseDirectionSouth()" classname="com.afterhours.game.direction.DirectionParserTest" time="0.001"/>
  <system-out><![CDATA[]]></system-out>
  <system-err><![CDATA[]]></system-err>
</testsuite>
