<?xml version="1.0" encoding="UTF-8"?>
<testsuite name="com.afterhours.game.strategy.MovementProcessorTest" tests="1" skipped="0" failures="0" errors="0" timestamp="2021-06-06T16:15:16" hostname="Johns-MacBook-Pro.local" time="0.001">
  <properties/>
  <testcase name="movementProcessorTest()" classname="com.afterhours.game.strategy.MovementProcessorTest" time="0.001"/>
  <system-out><![CDATA[]]></system-out>
  <system-err><![CDATA[]]></system-err>
</testsuite>
