<?xml version="1.0" encoding="UTF-8"?>
<testsuite name="com.afterhours.game.action.ActionParserTest" tests="1" skipped="0" failures="0" errors="0" timestamp="2021-06-06T18:30:55" hostname="Johns-MacBook-Pro.local" time="0.015">
  <properties/>
  <testcase name="parseActionQuit()" classname="com.afterhours.game.action.ActionParserTest" time="0.015"/>
  <system-out><![CDATA[]]></system-out>
  <system-err><![CDATA[]]></system-err>
</testsuite>
