<?xml version="1.0" encoding="UTF-8"?>
<testsuite name="com.afterhours.game.strategy.ExamineProcessorTest" tests="5" skipped="0" failures="0" errors="0" timestamp="2021-06-06T16:15:16" hostname="Johns-MacBook-Pro.local" time="0.006">
  <properties/>
  <testcase name="testProcessActionLook()" classname="com.afterhours.game.strategy.ExamineProcessorTest" time="0.001"/>
  <testcase name="testProcessActionLookAtNonExistentObject()" classname="com.afterhours.game.strategy.ExamineProcessorTest" time="0.001"/>
  <testcase name="testProcessActionLookAtObjectOutsideLobby()" classname="com.afterhours.game.strategy.ExamineProcessorTest" time="0.001"/>
  <testcase name="testProcessActionLookAtBadge()" classname="com.afterhours.game.strategy.ExamineProcessorTest" time="0.0"/>
  <testcase name="testProcessActionLookAtNightstick()" classname="com.afterhours.game.strategy.ExamineProcessorTest" time="0.0"/>
  <system-out><![CDATA[]]></system-out>
  <system-err><![CDATA[]]></system-err>
</testsuite>
